Processing decks from: /home/sam/Code/flashcards/src/decks/maths-gcse
Found files: 7
Processing: 01-quadratic-equations-type-1.json
Card ID: 0
Coeffs: {"a":1,"b":6,"c":8}
Generated quadratic-1-6-8.svg
Card ID: 1
Coeffs: {"a":1,"b":3,"c":2}
Generated quadratic-1-3-2.svg
Card ID: 2
Coeffs: {"a":1,"b":4,"c":3}
Generated quadratic-1-4-3.svg
Card ID: 3
Coeffs: {"a":1,"b":5,"c":4}
Generated quadratic-1-5-4.svg
Card ID: 4
Coeffs: {"a":1,"b":6,"c":5}
Generated quadratic-1-6-5.svg
Card ID: 5
Coeffs: {"a":1,"b":7,"c":6}
Generated quadratic-1-7-6.svg
Card ID: 6
Coeffs: {"a":1,"b":5,"c":6}
Generated quadratic-1-5-6.svg
Card ID: 7
Coeffs: {"a":1,"b":7,"c":10}
Generated quadratic-1-7-10.svg
Card ID: 8
Coeffs: {"a":1,"b":8,"c":12}
Generated quadratic-1-8-12.svg
Card ID: 9
Coeffs: {"a":1,"b":7,"c":12}
Generated quadratic-1-7-12.svg
Processing: 02-quadratic-equations-type-2.json
Card ID: 0
Coeffs: {"a":1,"b":-8,"c":7}
Generated quadratic-1--8-7.svg
Card ID: 1
Coeffs: {"a":1,"b":-12,"c":11}
Generated quadratic-1--12-11.svg
Card ID: 2
Coeffs: {"a":1,"b":-14,"c":13}
Generated quadratic-1--14-13.svg
Card ID: 3
Coeffs: {"a":1,"b":-9,"c":14}
Generated quadratic-1--9-14.svg
Card ID: 4
Coeffs: {"a":1,"b":-8,"c":15}
Generated quadratic-1--8-15.svg
Card ID: 5
Coeffs: {"a":1,"b":-11,"c":18}
Generated quadratic-1--11-18.svg
Card ID: 6
Coeffs: {"a":1,"b":-9,"c":20}
Generated quadratic-1--9-20.svg
Card ID: 7
Coeffs: {"a":1,"b":-10,"c":21}
Generated quadratic-1--10-21.svg
Card ID: 8
Coeffs: {"a":1,"b":-11,"c":24}
Generated quadratic-1--11-24.svg
Card ID: 9
Coeffs: {"a":1,"b":-11,"c":30}
Generated quadratic-1--11-30.svg
Processing: 03-quadratic-equations-type-3.json
Card ID: 0
Coeffs: {"a":1,"b":1,"c":-2}
Generated quadratic-1-1--2.svg
Card ID: 1
Coeffs: {"a":1,"b":-2,"c":-3}
Generated quadratic-1--2--3.svg
Card ID: 2
Coeffs: {"a":1,"b":4,"c":-5}
Generated quadratic-1-4--5.svg
Card ID: 3
Coeffs: {"a":1,"b":-1,"c":-6}
Generated quadratic-1--1--6.svg
Card ID: 4
Coeffs: {"a":1,"b":6,"c":-7}
Generated quadratic-1-6--7.svg
Card ID: 5
Coeffs: {"a":1,"b":-2,"c":-8}
Generated quadratic-1--2--8.svg
Card ID: 6
Coeffs: {"a":1,"b":3,"c":-10}
Generated quadratic-1-3--10.svg
Card ID: 7
Coeffs: {"a":1,"b":-1,"c":-12}
Generated quadratic-1--1--12.svg
Card ID: 8
Coeffs: {"a":1,"b":2,"c":-15}
Generated quadratic-1-2--15.svg
Card ID: 9
Coeffs: {"a":1,"b":-1,"c":-20}
Generated quadratic-1--1--20.svg
Processing: 04-quadratic-equations-type-4.json
Card ID: 0
Coeffs: {"a":1,"b":-2,"c":1}
Generated quadratic-1--2-1.svg
Card ID: 1
Coeffs: {"a":1,"b":2,"c":1}
Generated quadratic-1-2-1.svg
Card ID: 2
Coeffs: {"a":1,"b":-6,"c":9}
Generated quadratic-1--6-9.svg
Card ID: 3
Coeffs: {"a":1,"b":6,"c":9}
Generated quadratic-1-6-9.svg
Card ID: 4
Coeffs: {"a":1,"b":-8,"c":16}
Generated quadratic-1--8-16.svg
Card ID: 5
Coeffs: {"a":1,"b":8,"c":16}
Generated quadratic-1-8-16.svg
Card ID: 6
Coeffs: {"a":1,"b":-10,"c":25}
Generated quadratic-1--10-25.svg
Card ID: 7
Coeffs: {"a":1,"b":10,"c":25}
Generated quadratic-1-10-25.svg
Card ID: 8
Coeffs: {"a":1,"b":-12,"c":36}
Generated quadratic-1--12-36.svg
Card ID: 9
Coeffs: {"a":1,"b":12,"c":36}
Generated quadratic-1-12-36.svg
Processing: 05-quadratic-equations-type-5.json
Card ID: 0
Coeffs: {"a":1,"b":0,"c":-1}
Generated quadratic-1-0--1.svg
Card ID: 1
Coeffs: {"a":1,"b":0,"c":-4}
Generated quadratic-1-0--4.svg
Card ID: 2
Coeffs: {"a":1,"b":0,"c":-9}
Generated quadratic-1-0--9.svg
Card ID: 3
Coeffs: {"a":1,"b":0,"c":-16}
Generated quadratic-1-0--16.svg
Card ID: 4
Coeffs: {"a":1,"b":0,"c":-25}
Generated quadratic-1-0--25.svg
Card ID: 5
Coeffs: {"a":1,"b":0,"c":-36}
Generated quadratic-1-0--36.svg
Card ID: 6
Coeffs: {"a":1,"b":0,"c":-49}
Generated quadratic-1-0--49.svg
Card ID: 7
Coeffs: {"a":1,"b":0,"c":-64}
Generated quadratic-1-0--64.svg
Card ID: 8
Coeffs: {"a":1,"b":0,"c":-81}
Generated quadratic-1-0--81.svg
Card ID: 9
Coeffs: {"a":1,"b":0,"c":-100}
Generated quadratic-1-0--100.svg
Processing: 06-quadratic-equations-type-6.json
Card ID: 0
Coeffs: {"a":2,"b":3,"c":1}
Generated quadratic-2-3-1.svg
Card ID: 1
Coeffs: {"a":2,"b":5,"c":2}
Generated quadratic-2-5-2.svg
Card ID: 2
Coeffs: {"a":3,"b":4,"c":1}
Generated quadratic-3-4-1.svg
Card ID: 3
Coeffs: {"a":2,"b":5,"c":-3}
Generated quadratic-2-5--3.svg
Card ID: 4
Coeffs: {"a":3,"b":-5,"c":2}
Generated quadratic-3--5-2.svg
Card ID: 5
Coeffs: {"a":5,"b":11,"c":2}
Generated quadratic-5-11-2.svg
Card ID: 6
Coeffs: {"a":2,"b":-1,"c":-6}
Generated quadratic-2--1--6.svg
Card ID: 7
Coeffs: {"a":4,"b":5,"c":1}
Generated quadratic-4-5-1.svg
Card ID: 8
Coeffs: {"a":3,"b":-7,"c":-6}
Generated quadratic-3--7--6.svg
Card ID: 9
Coeffs: {"a":2,"b":-9,"c":10}
Generated quadratic-2--9-10.svg
Processing: 07-quadratic-equations-mix.json
Card ID: 0
Coeffs: {"a":1,"b":6,"c":8}
Generated quadratic-1-6-8.svg
Card ID: 1
Coeffs: {"a":1,"b":3,"c":2}
Generated quadratic-1-3-2.svg
Card ID: 2
Coeffs: {"a":1,"b":4,"c":3}
Generated quadratic-1-4-3.svg
Card ID: 3
Coeffs: {"a":1,"b":-8,"c":7}
Generated quadratic-1--8-7.svg
Card ID: 4
Coeffs: {"a":1,"b":-12,"c":11}
Generated quadratic-1--12-11.svg
Card ID: 5
Coeffs: {"a":1,"b":-14,"c":13}
Generated quadratic-1--14-13.svg
Card ID: 6
Coeffs: {"a":1,"b":1,"c":-2}
Generated quadratic-1-1--2.svg
Card ID: 7
Coeffs: {"a":1,"b":-2,"c":-3}
Generated quadratic-1--2--3.svg
Card ID: 8
Coeffs: {"a":1,"b":4,"c":-5}
Generated quadratic-1-4--5.svg
Card ID: 9
Coeffs: {"a":1,"b":-2,"c":1}
Generated quadratic-1--2-1.svg
Card ID: 10
Coeffs: {"a":1,"b":2,"c":1}
Generated quadratic-1-2-1.svg
Card ID: 11
Coeffs: {"a":1,"b":-6,"c":9}
Generated quadratic-1--6-9.svg
Card ID: 12
Coeffs: {"a":1,"b":0,"c":-1}
Generated quadratic-1-0--1.svg
Card ID: 13
Coeffs: {"a":1,"b":0,"c":-4}
Generated quadratic-1-0--4.svg
Card ID: 14
Coeffs: {"a":1,"b":0,"c":-9}
Generated quadratic-1-0--9.svg
Card ID: 15
Coeffs: {"a":1,"b":0,"c":-16}
Generated quadratic-1-0--16.svg
Card ID: 16
Coeffs: {"a":2,"b":3,"c":1}
Generated quadratic-2-3-1.svg
Card ID: 17
Coeffs: {"a":2,"b":5,"c":2}
Generated quadratic-2-5-2.svg
Card ID: 18
Coeffs: {"a":3,"b":4,"c":1}
Generated quadratic-3-4-1.svg
Card ID: 19
Coeffs: {"a":2,"b":5,"c":-3}
Generated quadratic-2-5--3.svg
